[info] PoSWareTest:
[info] - Empty Location Set
[info] - Adding a Location
[info] - Adding multiple Locations
[info] - Adding repeated Locations *** FAILED ***
[info]   java.lang.IllegalArgumentException: requirement failed
[info]   at scala.Predef$.require(Predef.scala:202)
[info]   at classes.PoSWare$.AddLocation(PoSWare.scala:18)
[info]   at PoSWareTest$$anonfun$4.apply$mcV$sp(PoSWareTest.scala:28)
[info]   at PoSWareTest$$anonfun$4.apply(PoSWareTest.scala:27)
[info]   at PoSWareTest$$anonfun$4.apply(PoSWareTest.scala:27)
[info]   at org.scalatest.FunSuite$$anon$1.apply(FunSuite.scala:1265)
[info]   at org.scalatest.Suite$class.withFixture(Suite.scala:1974)
[info]   at PoSWareTest.withFixture(PoSWareTest.scala:5)
[info]   at org.scalatest.FunSuite$class.invokeWithFixture$1(FunSuite.scala:1262)
[info]   at org.scalatest.FunSuite$$anonfun$runTest$1.apply(FunSuite.scala:1271)
[info]   ...
[info] - Empty Store Set
[info] - Adding a Store
[info] - Adding multiple Stores
[info] - Adding repeated Stores *** FAILED ***
[info]   java.lang.IllegalArgumentException: requirement failed
[info]   at scala.Predef$.require(Predef.scala:202)
[info]   at classes.PoSWare$.AddStore(PoSWare.scala:25)
[info]   at PoSWareTest$$anonfun$8.apply$mcV$sp(PoSWareTest.scala:61)
[info]   at PoSWareTest$$anonfun$8.apply(PoSWareTest.scala:59)
[info]   at PoSWareTest$$anonfun$8.apply(PoSWareTest.scala:59)
[info]   at org.scalatest.FunSuite$$anon$1.apply(FunSuite.scala:1265)
[info]   at org.scalatest.Suite$class.withFixture(Suite.scala:1974)
[info]   at PoSWareTest.withFixture(PoSWareTest.scala:5)
[info]   at org.scalatest.FunSuite$class.invokeWithFixture$1(FunSuite.scala:1262)
[info]   at org.scalatest.FunSuite$$anonfun$runTest$1.apply(FunSuite.scala:1271)
[info]   ...
